<?xml version="1.0" encoding="UTF-8"?>
<!-- Generated by org.testng.reporters.JUnitReportReporter -->
<testsuite skipped="0" hostname="DESKTOP-CT4QI35" name="com.naukri.Tests.Company_Details_Test" tests="2" failures="0" timestamp="04 Sep 2019 18:22:58 GMT" time="66.999" errors="0">
  <testcase name="cdetails" time="40.209" classname="com.naukri.Tests.Company_Details_Test"/>
  <testcase name="cdetails" time="26.790" classname="com.naukri.Tests.Company_Details_Test"/>
</testsuite> <!-- com.naukri.Tests.Company_Details_Test -->
