<?xml version="1.0" encoding="UTF-8"?>
<!-- Generated by org.testng.reporters.JUnitReportReporter -->
<testsuite skipped="0" hostname="DESKTOP-CT4QI35" name="com.naukri.Tests.Technologywise_detailstest" tests="2" failures="0" timestamp="20 Sep 2019 02:12:55 GMT" time="3831.923" errors="0">
  <testcase name="searchtest" time="623.473" classname="com.naukri.Tests.Technologywise_detailstest"/>
  <testcase name="searchtest" time="3208.450" classname="com.naukri.Tests.Technologywise_detailstest"/>
</testsuite> <!-- com.naukri.Tests.Technologywise_detailstest -->
